

Started GET "/" for 127.0.0.1 at 2016-04-12 23:24:30 -0400

ActiveRecord::PendingMigrationError (

Migrations are pending. To resolve this issue, run:

	bin/rake db:migrate RAILS_ENV=development

):
  activerecord (4.2.5) lib/active_record/migration.rb:392:in `check_pending!'
  activerecord (4.2.5) lib/active_record/migration.rb:373:in `call'
  actionpack (4.2.5) lib/action_dispatch/middleware/callbacks.rb:29:in `block in call'
  activesupport (4.2.5) lib/active_support/callbacks.rb:88:in `__run_callbacks__'
  activesupport (4.2.5) lib/active_support/callbacks.rb:778:in `_run_call_callbacks'
  activesupport (4.2.5) lib/active_support/callbacks.rb:81:in `run_callbacks'
  actionpack (4.2.5) lib/action_dispatch/middleware/callbacks.rb:27:in `call'
  actionpack (4.2.5) lib/action_dispatch/middleware/reloader.rb:73:in `call'
  actionpack (4.2.5) lib/action_dispatch/middleware/remote_ip.rb:78:in `call'
  actionpack (4.2.5) lib/action_dispatch/middleware/debug_exceptions.rb:17:in `call'
  web-console (2.2.1) lib/web_console/middleware.rb:39:in `call'
  actionpack (4.2.5) lib/action_dispatch/middleware/show_exceptions.rb:30:in `call'
  railties (4.2.5) lib/rails/rack/logger.rb:38:in `call_app'
  railties (4.2.5) lib/rails/rack/logger.rb:20:in `block in call'
  activesupport (4.2.5) lib/active_support/tagged_logging.rb:68:in `block in tagged'
  activesupport (4.2.5) lib/active_support/tagged_logging.rb:26:in `tagged'
  activesupport (4.2.5) lib/active_support/tagged_logging.rb:68:in `tagged'
  railties (4.2.5) lib/rails/rack/logger.rb:20:in `call'
  actionpack (4.2.5) lib/action_dispatch/middleware/request_id.rb:21:in `call'
  rack (1.6.4) lib/rack/methodoverride.rb:22:in `call'
  rack (1.6.4) lib/rack/runtime.rb:18:in `call'
  activesupport (4.2.5) lib/active_support/cache/strategy/local_cache_middleware.rb:28:in `call'
  rack (1.6.4) lib/rack/lock.rb:17:in `call'
  actionpack (4.2.5) lib/action_dispatch/middleware/static.rb:116:in `call'
  rack (1.6.4) lib/rack/sendfile.rb:113:in `call'
  railties (4.2.5) lib/rails/engine.rb:518:in `call'
  railties (4.2.5) lib/rails/application.rb:165:in `call'
  rack (1.6.4) lib/rack/lock.rb:17:in `call'
  rack (1.6.4) lib/rack/content_length.rb:15:in `call'
  rack (1.6.4) lib/rack/handler/webrick.rb:88:in `service'
  /home/romeosierra/.rbenv/versions/2.2.3/lib/ruby/2.2.0/webrick/httpserver.rb:138:in `service'
  /home/romeosierra/.rbenv/versions/2.2.3/lib/ruby/2.2.0/webrick/httpserver.rb:94:in `run'
  /home/romeosierra/.rbenv/versions/2.2.3/lib/ruby/2.2.0/webrick/server.rb:294:in `block in start_thread'


  Rendered /home/romeosierra/.rbenv/versions/2.2.3/lib/ruby/gems/2.2.0/gems/actionpack-4.2.5/lib/action_dispatch/middleware/templates/rescues/_source.erb (7.8ms)
  Rendered /home/romeosierra/.rbenv/versions/2.2.3/lib/ruby/gems/2.2.0/gems/actionpack-4.2.5/lib/action_dispatch/middleware/templates/rescues/_trace.html.erb (12.5ms)
  Rendered /home/romeosierra/.rbenv/versions/2.2.3/lib/ruby/gems/2.2.0/gems/actionpack-4.2.5/lib/action_dispatch/middleware/templates/rescues/_request_and_response.html.erb (1.3ms)
  Rendered /home/romeosierra/.rbenv/versions/2.2.3/lib/ruby/gems/2.2.0/gems/actionpack-4.2.5/lib/action_dispatch/middleware/templates/rescues/diagnostics.html.erb within rescues/layout (112.0ms)
  Rendered /home/romeosierra/.rbenv/versions/2.2.3/lib/ruby/gems/2.2.0/gems/web-console-2.2.1/lib/web_console/templates/_markup.html.erb (0.4ms)
  Rendered /home/romeosierra/.rbenv/versions/2.2.3/lib/ruby/gems/2.2.0/gems/web-console-2.2.1/lib/web_console/templates/_inner_console_markup.html.erb within layouts/inlined_string (0.3ms)
  Rendered /home/romeosierra/.rbenv/versions/2.2.3/lib/ruby/gems/2.2.0/gems/web-console-2.2.1/lib/web_console/templates/_prompt_box_markup.html.erb within layouts/inlined_string (0.3ms)
  Rendered /home/romeosierra/.rbenv/versions/2.2.3/lib/ruby/gems/2.2.0/gems/web-console-2.2.1/lib/web_console/templates/style.css.erb within layouts/inlined_string (7.6ms)
  Rendered /home/romeosierra/.rbenv/versions/2.2.3/lib/ruby/gems/2.2.0/gems/web-console-2.2.1/lib/web_console/templates/console.js.erb within layouts/javascript (95.4ms)
  Rendered /home/romeosierra/.rbenv/versions/2.2.3/lib/ruby/gems/2.2.0/gems/web-console-2.2.1/lib/web_console/templates/main.js.erb within layouts/javascript (7.2ms)
  Rendered /home/romeosierra/.rbenv/versions/2.2.3/lib/ruby/gems/2.2.0/gems/web-console-2.2.1/lib/web_console/templates/error_page.js.erb within layouts/javascript (0.5ms)
  Rendered /home/romeosierra/.rbenv/versions/2.2.3/lib/ruby/gems/2.2.0/gems/web-console-2.2.1/lib/web_console/templates/index.html.erb (218.2ms)
  [1m[36m (29.1ms)[0m  [1mCREATE TABLE "schema_migrations" ("version" varchar NOT NULL) [0m
  [1m[35m (0.1ms)[0m  select sqlite_version(*)
  [1m[36m (9.0ms)[0m  [1mCREATE UNIQUE INDEX "unique_schema_migrations" ON "schema_migrations" ("version")[0m
  [1m[35mActiveRecord::SchemaMigration Load (0.2ms)[0m  SELECT "schema_migrations".* FROM "schema_migrations"
Migrating to CreateCards (20160113003949)
  [1m[36m (0.1ms)[0m  [1mbegin transaction[0m
  [1m[35m (0.6ms)[0m  CREATE TABLE "cards" ("id" INTEGER PRIMARY KEY AUTOINCREMENT NOT NULL, "set_sym" varchar, "card_name" varchar, "align" varchar, "rarity" varchar, "set" varchar, "card_type" integer, "subtype" varchar, "cost" integer, "power" integer, "toughness" integer, "card_text" varchar, "flavor_text" varchar, "image" varchar, "golden_image" varchar, "artist" varchar, "independent" boolean) 
  [1m[36mSQL (0.2ms)[0m  [1mINSERT INTO "schema_migrations" ("version") VALUES (?)[0m  [["version", "20160113003949"]]
  [1m[35m (37.4ms)[0m  commit transaction
Migrating to AlignEnum (20160117233651)
  [1m[36m (0.1ms)[0m  [1mbegin transaction[0m
  [1m[35m (0.6ms)[0m  CREATE TEMPORARY TABLE "acards" ("id" INTEGER PRIMARY KEY AUTOINCREMENT NOT NULL, "set_sym" varchar, "card_name" varchar, "align" varchar, "rarity" varchar, "set" varchar, "card_type" integer, "subtype" varchar, "cost" integer, "power" integer, "toughness" integer, "card_text" varchar, "flavor_text" varchar, "image" varchar, "golden_image" varchar, "artist" varchar, "independent" boolean) 
  [1m[36m (0.2ms)[0m  [1mSELECT * FROM "cards"[0m
  [1m[35m (0.4ms)[0m  DROP TABLE "cards"
  [1m[36m (0.2ms)[0m  [1mCREATE TABLE "cards" ("id" INTEGER PRIMARY KEY AUTOINCREMENT NOT NULL, "set_sym" varchar, "card_name" varchar, "align" integer, "rarity" varchar, "set" varchar, "card_type" integer, "subtype" varchar, "cost" integer, "power" integer, "toughness" integer, "card_text" varchar, "flavor_text" varchar, "image" varchar, "golden_image" varchar, "artist" varchar, "independent" boolean) [0m
  [1m[35m (0.1ms)[0m  SELECT * FROM "acards"
  [1m[36m (0.4ms)[0m  [1mDROP TABLE "acards"[0m
  [1m[35m (0.1ms)[0m  CREATE TEMPORARY TABLE "acards" ("id" INTEGER PRIMARY KEY AUTOINCREMENT NOT NULL, "set_sym" varchar, "card_name" varchar, "align" integer, "rarity" varchar, "set" varchar, "card_type" integer, "subtype" varchar, "cost" integer, "power" integer, "toughness" integer, "card_text" varchar, "flavor_text" varchar, "image" varchar, "golden_image" varchar, "artist" varchar, "independent" boolean) 
  [1m[36m (0.1ms)[0m  [1mSELECT * FROM "cards"[0m
  [1m[35m (0.9ms)[0m  DROP TABLE "cards"
  [1m[36m (9.1ms)[0m  [1mCREATE TABLE "cards" ("id" INTEGER PRIMARY KEY AUTOINCREMENT NOT NULL, "set_sym" varchar, "card_name" varchar, "align" integer, "rarity" integer, "set" varchar, "card_type" integer, "subtype" varchar, "cost" integer, "power" integer, "toughness" integer, "card_text" varchar, "flavor_text" varchar, "image" varchar, "golden_image" varchar, "artist" varchar, "independent" boolean) [0m
  [1m[35m (0.1ms)[0m  SELECT * FROM "acards"
  [1m[36m (0.1ms)[0m  [1mDROP TABLE "acards"[0m
  [1m[35mSQL (0.3ms)[0m  INSERT INTO "schema_migrations" ("version") VALUES (?)  [["version", "20160117233651"]]
  [1m[36m (20.6ms)[0m  [1mcommit transaction[0m
Migrating to AddNotesAndSubcards (20160120190341)
  [1m[35m (0.1ms)[0m  begin transaction
  [1m[36m (0.7ms)[0m  [1mALTER TABLE "cards" ADD "created_cards" varchar[0m
  [1m[35m (0.1ms)[0m  ALTER TABLE "cards" ADD "trivia" varchar
  [1m[36mSQL (0.2ms)[0m  [1mINSERT INTO "schema_migrations" ("version") VALUES (?)[0m  [["version", "20160120190341"]]
  [1m[35m (11.3ms)[0m  commit transaction
Migrating to AddFormatLegalityColumn (20160304054637)
  [1m[36m (0.1ms)[0m  [1mbegin transaction[0m
  [1m[35m (0.5ms)[0m  ALTER TABLE "cards" ADD "legality" integer
  [1m[36mSQL (0.2ms)[0m  [1mINSERT INTO "schema_migrations" ("version") VALUES (?)[0m  [["version", "20160304054637"]]
  [1m[35m (13.4ms)[0m  commit transaction
Migrating to MoreSpecificLegalityVals (20160304055239)
  [1m[36m (0.1ms)[0m  [1mbegin transaction[0m
  [1m[35m (0.6ms)[0m  ALTER TABLE "cards" ADD "wildlegal" boolean
  [1m[36m (0.2ms)[0m  [1mALTER TABLE "cards" ADD "krakenlegal" boolean[0m
  [1m[35mSQL (0.2ms)[0m  INSERT INTO "schema_migrations" ("version") VALUES (?)  [["version", "20160304055239"]]
  [1m[36m (19.2ms)[0m  [1mcommit transaction[0m
Migrating to CleanUpUselessColumn (20160304055529)
  [1m[35m (0.1ms)[0m  begin transaction
  [1m[36m (2.9ms)[0m  [1mCREATE TEMPORARY TABLE "acards" ("id" INTEGER PRIMARY KEY AUTOINCREMENT NOT NULL, "set_sym" varchar, "card_name" varchar, "align" integer, "rarity" integer, "set" varchar, "card_type" integer, "subtype" varchar, "cost" integer, "power" integer, "toughness" integer, "card_text" varchar, "flavor_text" varchar, "image" varchar, "golden_image" varchar, "artist" varchar, "independent" boolean, "created_cards" varchar, "trivia" varchar, "legality" integer, "wildlegal" boolean, "krakenlegal" boolean) [0m
  [1m[35m (0.1ms)[0m  SELECT * FROM "cards"
  [1m[36m (0.6ms)[0m  [1mDROP TABLE "cards"[0m
  [1m[35m (0.2ms)[0m  CREATE TABLE "cards" ("id" INTEGER PRIMARY KEY AUTOINCREMENT NOT NULL, "set_sym" varchar, "card_name" varchar, "align" integer, "rarity" integer, "set" varchar, "card_type" integer, "subtype" varchar, "cost" integer, "power" integer, "toughness" integer, "card_text" varchar, "flavor_text" varchar, "image" varchar, "golden_image" varchar, "artist" varchar, "independent" boolean, "created_cards" varchar, "trivia" varchar, "wildlegal" boolean, "krakenlegal" boolean) 
  [1m[36m (0.1ms)[0m  [1mSELECT * FROM "acards"[0m
  [1m[35m (0.2ms)[0m  DROP TABLE "acards"
  [1m[36m (0.3ms)[0m  [1mCREATE TEMPORARY TABLE "acards" ("id" INTEGER PRIMARY KEY AUTOINCREMENT NOT NULL, "set_sym" varchar, "card_name" varchar, "align" integer, "rarity" integer, "set" varchar, "card_type" integer, "subtype" varchar, "cost" integer, "power" integer, "toughness" integer, "card_text" varchar, "flavor_text" varchar, "image" varchar, "golden_image" varchar, "artist" varchar, "independent" boolean, "created_cards" varchar, "trivia" varchar, "wildlegal" boolean, "krakenlegal" boolean) [0m
  [1m[35m (0.1ms)[0m  SELECT * FROM "cards"
  [1m[36m (0.5ms)[0m  [1mDROP TABLE "cards"[0m
  [1m[35m (0.1ms)[0m  CREATE TABLE "cards" ("id" INTEGER PRIMARY KEY AUTOINCREMENT NOT NULL, "set_sym" varchar, "card_name" varchar, "align" integer, "rarity" integer, "set" varchar, "card_type" integer, "subtype" varchar, "cost" integer, "power" integer, "toughness" integer, "card_text" varchar, "flavor_text" varchar, "golden_image" varchar, "artist" varchar, "independent" boolean, "created_cards" varchar, "trivia" varchar, "wildlegal" boolean, "krakenlegal" boolean) 
  [1m[36m (0.1ms)[0m  [1mSELECT * FROM "acards"[0m
  [1m[35m (0.2ms)[0m  DROP TABLE "acards"
  [1m[36m (0.2ms)[0m  [1mCREATE TEMPORARY TABLE "acards" ("id" INTEGER PRIMARY KEY AUTOINCREMENT NOT NULL, "set_sym" varchar, "card_name" varchar, "align" integer, "rarity" integer, "set" varchar, "card_type" integer, "subtype" varchar, "cost" integer, "power" integer, "toughness" integer, "card_text" varchar, "flavor_text" varchar, "golden_image" varchar, "artist" varchar, "independent" boolean, "created_cards" varchar, "trivia" varchar, "wildlegal" boolean, "krakenlegal" boolean) [0m
  [1m[35m (0.1ms)[0m  SELECT * FROM "cards"
  [1m[36m (0.1ms)[0m  [1mDROP TABLE "cards"[0m
  [1m[35m (0.1ms)[0m  CREATE TABLE "cards" ("id" INTEGER PRIMARY KEY AUTOINCREMENT NOT NULL, "set_sym" varchar, "card_name" varchar, "align" integer, "rarity" integer, "set" varchar, "card_type" integer, "subtype" varchar, "cost" integer, "power" integer, "toughness" integer, "card_text" varchar, "flavor_text" varchar, "artist" varchar, "independent" boolean, "created_cards" varchar, "trivia" varchar, "wildlegal" boolean, "krakenlegal" boolean) 
  [1m[36m (0.1ms)[0m  [1mSELECT * FROM "acards"[0m
  [1m[35m (0.1ms)[0m  DROP TABLE "acards"
  [1m[36mSQL (0.3ms)[0m  [1mINSERT INTO "schema_migrations" ("version") VALUES (?)[0m  [["version", "20160304055529"]]
  [1m[35m (22.1ms)[0m  commit transaction
Migrating to RenameLegalityBools (20160306194334)
  [1m[36m (0.1ms)[0m  [1mbegin transaction[0m
  [1m[35m (0.3ms)[0m  CREATE TEMPORARY TABLE "acards" ("id" INTEGER PRIMARY KEY AUTOINCREMENT NOT NULL, "set_sym" varchar, "card_name" varchar, "align" integer, "rarity" integer, "set" varchar, "card_type" integer, "subtype" varchar, "cost" integer, "power" integer, "toughness" integer, "card_text" varchar, "flavor_text" varchar, "artist" varchar, "independent" boolean, "created_cards" varchar, "trivia" varchar, "wild_legal" boolean, "krakenlegal" boolean) 
  [1m[36m (0.1ms)[0m  [1mSELECT * FROM "cards"[0m
  [1m[35m (0.4ms)[0m  DROP TABLE "cards"
  [1m[36m (0.2ms)[0m  [1mCREATE TABLE "cards" ("id" INTEGER PRIMARY KEY AUTOINCREMENT NOT NULL, "set_sym" varchar, "card_name" varchar, "align" integer, "rarity" integer, "set" varchar, "card_type" integer, "subtype" varchar, "cost" integer, "power" integer, "toughness" integer, "card_text" varchar, "flavor_text" varchar, "artist" varchar, "independent" boolean, "created_cards" varchar, "trivia" varchar, "wild_legal" boolean, "krakenlegal" boolean) [0m
  [1m[35m (0.1ms)[0m  SELECT * FROM "acards"
  [1m[36m (0.1ms)[0m  [1mDROP TABLE "acards"[0m
  [1m[35m (0.2ms)[0m  CREATE TEMPORARY TABLE "acards" ("id" INTEGER PRIMARY KEY AUTOINCREMENT NOT NULL, "set_sym" varchar, "card_name" varchar, "align" integer, "rarity" integer, "set" varchar, "card_type" integer, "subtype" varchar, "cost" integer, "power" integer, "toughness" integer, "card_text" varchar, "flavor_text" varchar, "artist" varchar, "independent" boolean, "created_cards" varchar, "trivia" varchar, "wild_legal" boolean, "kraken_legal" boolean) 
  [1m[36m (0.1ms)[0m  [1mSELECT * FROM "cards"[0m
  [1m[35m (0.6ms)[0m  DROP TABLE "cards"
  [1m[36m (0.1ms)[0m  [1mCREATE TABLE "cards" ("id" INTEGER PRIMARY KEY AUTOINCREMENT NOT NULL, "set_sym" varchar, "card_name" varchar, "align" integer, "rarity" integer, "set" varchar, "card_type" integer, "subtype" varchar, "cost" integer, "power" integer, "toughness" integer, "card_text" varchar, "flavor_text" varchar, "artist" varchar, "independent" boolean, "created_cards" varchar, "trivia" varchar, "wild_legal" boolean, "kraken_legal" boolean) [0m
  [1m[35m (0.1ms)[0m  SELECT * FROM "acards"
  [1m[36m (0.1ms)[0m  [1mDROP TABLE "acards"[0m
  [1m[35mSQL (0.4ms)[0m  INSERT INTO "schema_migrations" ("version") VALUES (?)  [["version", "20160306194334"]]
  [1m[36m (21.6ms)[0m  [1mcommit transaction[0m
  [1m[35mActiveRecord::SchemaMigration Load (0.2ms)[0m  SELECT "schema_migrations".* FROM "schema_migrations"


Started GET "/" for 127.0.0.1 at 2016-04-12 23:26:01 -0400
  [1m[36mActiveRecord::SchemaMigration Load (0.1ms)[0m  [1mSELECT "schema_migrations".* FROM "schema_migrations"[0m
Processing by Rails::WelcomeController#index as HTML
  Rendered /home/romeosierra/.rbenv/versions/2.2.3/lib/ruby/gems/2.2.0/gems/railties-4.2.5/lib/rails/templates/rails/welcome/index.html.erb (7.3ms)
Completed 200 OK in 52ms (Views: 27.6ms | ActiveRecord: 0.0ms)


Started GET "/index" for 127.0.0.1 at 2016-04-12 23:26:29 -0400
Processing by CardController#index as HTML
  [1m[35m (7.9ms)[0m  SELECT COUNT("cards"."id") FROM "cards" WHERE "cards"."independent" IS NULL
DEPRECATION WARNING: The file /home/romeosierra/hs.info/app/views/card/_navigation did not specify a template handler. The default is currently ERB, but will change to RAW in the future. (called from _app_views_card_index_html_erb__1072537870__1048205648 at /home/romeosierra/hs.info/app/views/card/index.html.erb:6)
  Rendered card/_card_name_search_box.html.erb (0.9ms)
  Rendered card/_navigation (8.2ms)
  [1m[36m (0.4ms)[0m  [1mSELECT COUNT(*) FROM "cards" WHERE "cards"."independent" IS NULL[0m
  [1m[35mCACHE (0.0ms)[0m  SELECT COUNT(*) FROM "cards" WHERE "cards"."independent" IS NULL
  Rendered card/index.html.erb within layouts/application (643.9ms)
Completed 200 OK in 37182ms (Views: 37144.4ms | ActiveRecord: 8.7ms)


Started GET "/assets/card.self-e3b0c44298fc1c149afbf4c8996fb92427ae41e4649b934ca495991b7852b855.css?body=1" for 127.0.0.1 at 2016-04-12 23:27:06 -0400


Started GET "/assets/application.self-c4991312985bccd133f1f21ab2f6a5d0129a8416a91037313b14f05d7d2e7dde.css?body=1" for 127.0.0.1 at 2016-04-12 23:27:06 -0400


Started GET "/assets/card.self-877aef30ae1b040ab8a3aba4e3e309a11d7f2612f44dde450b5c157aa5f95c05.js?body=1" for 127.0.0.1 at 2016-04-12 23:27:06 -0400


Started GET "/assets/turbolinks.self-c37727e9bd6b2735da5c311aa83fead54ed0be6cc8bd9a65309e9c5abe2cbfff.js?body=1" for 127.0.0.1 at 2016-04-12 23:27:06 -0400


Started GET "/assets/application.self-3b8dabdc891efe46b9a144b400ad69e37d7e5876bdc39dee783419a69d7ca819.js?body=1" for 127.0.0.1 at 2016-04-12 23:27:06 -0400


Started GET "/assets/jquery.self-c64a74367bda6ef8b860f19e74df08927ca99d2be2ac934e9e92d5fd361e0da4.js?body=1" for 127.0.0.1 at 2016-04-12 23:27:06 -0400


Started GET "/assets/jquery_ujs.self-d602bdfe68ffc63b9f9cc512872aa3cfff046228a0a36e90dd476e8ef54c1b09.js?body=1" for 127.0.0.1 at 2016-04-12 23:27:06 -0400


Started GET "/index?utf8=%E2%9C%93&q_name=feign+death&q_collect=true&commit=Search" for 127.0.0.1 at 2016-04-12 23:27:17 -0400
Processing by CardController#index as HTML
  Parameters: {"utf8"=>"✓", "q_name"=>"feign death", "q_collect"=>"true", "commit"=>"Search"}
  [1m[36m (0.8ms)[0m  [1mSELECT COUNT("cards"."id") FROM "cards" WHERE "cards"."independent" = ? AND (card_name like '%feign death%')[0m  [["independent", "true"]]
  [1m[35mCard Load (0.5ms)[0m  SELECT  "cards".* FROM "cards" WHERE "cards"."independent" = ? AND (card_name like '%feign death%')  ORDER BY "cards"."id" ASC LIMIT 1  [["independent", "true"]]
Redirected to http://localhost:3000/c/gvg011
Completed 302 Found in 115ms (ActiveRecord: 4.1ms)


Started GET "/c/gvg011" for 127.0.0.1 at 2016-04-12 23:27:18 -0400
Processing by CardController#show as HTML
  Parameters: {"set_sym"=>"gvg011"}
  [1m[36mCard Load (0.6ms)[0m  [1mSELECT  "cards".* FROM "cards" WHERE "cards"."set_sym" = ? LIMIT 1[0m  [["set_sym", "gvg011"]]
DEPRECATION WARNING: The file /home/romeosierra/hs.info/app/views/card/_navigation did not specify a template handler. The default is currently ERB, but will change to RAW in the future. (called from _app_views_card_show_html_erb__782027611__650103998 at /home/romeosierra/hs.info/app/views/card/show.html.erb:6)
  Rendered card/_card_name_search_box.html.erb (0.6ms)
  Rendered card/_navigation (4.0ms)
  Rendered card/show.html.erb within layouts/application (234.0ms)
Completed 200 OK in 574ms (Views: 552.6ms | ActiveRecord: 0.6ms)


Started GET "/assets/gvg011-3f724a415d092b603a29c29e4d8f24d3cf59f63207dfd668345b74bfdc20df9d.png" for 127.0.0.1 at 2016-04-12 23:27:18 -0400


Started GET "/index?utf8=%E2%9C%93&q_name=rafaam&q_collect=true&commit=Search" for 127.0.0.1 at 2016-04-12 23:27:34 -0400
Processing by CardController#index as HTML
  Parameters: {"utf8"=>"✓", "q_name"=>"rafaam", "q_collect"=>"true", "commit"=>"Search"}
  [1m[35m (5.6ms)[0m  SELECT COUNT("cards"."id") FROM "cards" WHERE "cards"."independent" = ? AND (card_name like '%rafaam%')  [["independent", "true"]]
DEPRECATION WARNING: The file /home/romeosierra/hs.info/app/views/card/_navigation did not specify a template handler. The default is currently ERB, but will change to RAW in the future. (called from _app_views_card_index_html_erb__1072537870__1048205648 at /home/romeosierra/hs.info/app/views/card/index.html.erb:6)
  Rendered card/_card_name_search_box.html.erb (0.5ms)
  Rendered card/_navigation (6.7ms)
  [1m[36m (0.7ms)[0m  [1mSELECT COUNT(*) FROM "cards" WHERE "cards"."independent" = ? AND (card_name like '%rafaam%')[0m  [["independent", "true"]]
  [1m[35mCACHE (0.0ms)[0m  SELECT COUNT(*) FROM "cards" WHERE "cards"."independent" = ? AND (card_name like '%rafaam%')  [["independent", "true"]]
  [1m[36mCard Load (0.5ms)[0m  [1mSELECT "cards".* FROM "cards" WHERE "cards"."independent" = ? AND (card_name like '%rafaam%')[0m  [["independent", "true"]]
  Rendered card/index.html.erb within layouts/application (227.0ms)
Completed 200 OK in 416ms (Views: 406.5ms | ActiveRecord: 6.8ms)


Started GET "/assets/loe023-55e8d86c9f4a6814572dfa48c32d349e83715ecd8a08ca80fa51681d0d853a32.png" for 127.0.0.1 at 2016-04-12 23:27:35 -0400


Started GET "/assets/loe045-85f965ab4dfbbda1d47e3ca8ba5a70595449b4a918e369268f769045c3d4a0ba.png" for 127.0.0.1 at 2016-04-12 23:27:35 -0400


Started GET "/c/loe045" for 127.0.0.1 at 2016-04-12 23:27:42 -0400
Processing by CardController#show as HTML
  Parameters: {"set_sym"=>"loe045"}
  [1m[35mCard Load (0.4ms)[0m  SELECT  "cards".* FROM "cards" WHERE "cards"."set_sym" = ? LIMIT 1  [["set_sym", "loe045"]]
DEPRECATION WARNING: The file /home/romeosierra/hs.info/app/views/card/_navigation did not specify a template handler. The default is currently ERB, but will change to RAW in the future. (called from _app_views_card_show_html_erb__782027611__628275988 at /home/romeosierra/hs.info/app/views/card/show.html.erb:6)
  Rendered card/_card_name_search_box.html.erb (0.8ms)
  Rendered card/_navigation (6.9ms)
  Rendered card/_associated.html.erb (183.3ms)
  Rendered card/show.html.erb within layouts/application (319.4ms)
Completed 200 OK in 520ms (Views: 516.5ms | ActiveRecord: 0.4ms)


Started GET "/assets/dep131-515f2a179a22611224c147c4b91c8f37cf2e57dca48765cb891fb45c710d49dd.png" for 127.0.0.1 at 2016-04-12 23:27:42 -0400


Started GET "/assets/dep132-559ffe42a43905bb2359f8d94388c74a201276f3c1c0e5df4cda5e4cc6cd1d5b.png" for 127.0.0.1 at 2016-04-12 23:27:43 -0400


Started GET "/images/dep.png" for 127.0.0.1 at 2016-04-12 23:27:43 -0400

ActionController::RoutingError (No route matches [GET] "/images/dep.png"):
  actionpack (4.2.5) lib/action_dispatch/middleware/debug_exceptions.rb:21:in `call'
  web-console (2.2.1) lib/web_console/middleware.rb:39:in `call'
  actionpack (4.2.5) lib/action_dispatch/middleware/show_exceptions.rb:30:in `call'
  railties (4.2.5) lib/rails/rack/logger.rb:38:in `call_app'
  railties (4.2.5) lib/rails/rack/logger.rb:20:in `block in call'
  activesupport (4.2.5) lib/active_support/tagged_logging.rb:68:in `block in tagged'
  activesupport (4.2.5) lib/active_support/tagged_logging.rb:26:in `tagged'
  activesupport (4.2.5) lib/active_support/tagged_logging.rb:68:in `tagged'
  railties (4.2.5) lib/rails/rack/logger.rb:20:in `call'
  actionpack (4.2.5) lib/action_dispatch/middleware/request_id.rb:21:in `call'
  rack (1.6.4) lib/rack/methodoverride.rb:22:in `call'
  rack (1.6.4) lib/rack/runtime.rb:18:in `call'
  activesupport (4.2.5) lib/active_support/cache/strategy/local_cache_middleware.rb:28:in `call'
  rack (1.6.4) lib/rack/lock.rb:17:in `call'
  actionpack (4.2.5) lib/action_dispatch/middleware/static.rb:116:in `call'
  rack (1.6.4) lib/rack/sendfile.rb:113:in `call'
  railties (4.2.5) lib/rails/engine.rb:518:in `call'
  railties (4.2.5) lib/rails/application.rb:165:in `call'
  rack (1.6.4) lib/rack/lock.rb:17:in `call'
  rack (1.6.4) lib/rack/content_length.rb:15:in `call'
  rack (1.6.4) lib/rack/handler/webrick.rb:88:in `service'
  /home/romeosierra/.rbenv/versions/2.2.3/lib/ruby/2.2.0/webrick/httpserver.rb:138:in `service'
  /home/romeosierra/.rbenv/versions/2.2.3/lib/ruby/2.2.0/webrick/httpserver.rb:94:in `run'
  /home/romeosierra/.rbenv/versions/2.2.3/lib/ruby/2.2.0/webrick/server.rb:294:in `block in start_thread'


  Rendered /home/romeosierra/.rbenv/versions/2.2.3/lib/ruby/gems/2.2.0/gems/actionpack-4.2.5/lib/action_dispatch/middleware/templates/rescues/_trace.html.erb (10.8ms)
  Rendered /home/romeosierra/.rbenv/versions/2.2.3/lib/ruby/gems/2.2.0/gems/actionpack-4.2.5/lib/action_dispatch/middleware/templates/routes/_route.html.erb (0.9ms)
  Rendered /home/romeosierra/.rbenv/versions/2.2.3/lib/ruby/gems/2.2.0/gems/actionpack-4.2.5/lib/action_dispatch/middleware/templates/routes/_table.html.erb (64.4ms)
  Rendered /home/romeosierra/.rbenv/versions/2.2.3/lib/ruby/gems/2.2.0/gems/actionpack-4.2.5/lib/action_dispatch/middleware/templates/rescues/_request_and_response.html.erb (5.7ms)
  Rendered /home/romeosierra/.rbenv/versions/2.2.3/lib/ruby/gems/2.2.0/gems/actionpack-4.2.5/lib/action_dispatch/middleware/templates/rescues/routing_error.html.erb within rescues/layout (175.8ms)
  Rendered /home/romeosierra/.rbenv/versions/2.2.3/lib/ruby/gems/2.2.0/gems/web-console-2.2.1/lib/web_console/templates/_markup.html.erb (5.3ms)
  Rendered /home/romeosierra/.rbenv/versions/2.2.3/lib/ruby/gems/2.2.0/gems/web-console-2.2.1/lib/web_console/templates/_inner_console_markup.html.erb within layouts/inlined_string (0.3ms)
  Rendered /home/romeosierra/.rbenv/versions/2.2.3/lib/ruby/gems/2.2.0/gems/web-console-2.2.1/lib/web_console/templates/_prompt_box_markup.html.erb within layouts/inlined_string (6.0ms)
  Rendered /home/romeosierra/.rbenv/versions/2.2.3/lib/ruby/gems/2.2.0/gems/web-console-2.2.1/lib/web_console/templates/style.css.erb within layouts/inlined_string (0.6ms)
  Rendered /home/romeosierra/.rbenv/versions/2.2.3/lib/ruby/gems/2.2.0/gems/web-console-2.2.1/lib/web_console/templates/console.js.erb within layouts/javascript (68.2ms)
  Rendered /home/romeosierra/.rbenv/versions/2.2.3/lib/ruby/gems/2.2.0/gems/web-console-2.2.1/lib/web_console/templates/main.js.erb within layouts/javascript (1.0ms)
  Rendered /home/romeosierra/.rbenv/versions/2.2.3/lib/ruby/gems/2.2.0/gems/web-console-2.2.1/lib/web_console/templates/error_page.js.erb within layouts/javascript (1.3ms)
  Rendered /home/romeosierra/.rbenv/versions/2.2.3/lib/ruby/gems/2.2.0/gems/web-console-2.2.1/lib/web_console/templates/index.html.erb (166.5ms)


Started GET "/images/134.png" for 127.0.0.1 at 2016-04-12 23:27:43 -0400

ActionController::RoutingError (No route matches [GET] "/images/134.png"):
  actionpack (4.2.5) lib/action_dispatch/middleware/debug_exceptions.rb:21:in `call'
  web-console (2.2.1) lib/web_console/middleware.rb:39:in `call'
  actionpack (4.2.5) lib/action_dispatch/middleware/show_exceptions.rb:30:in `call'
  railties (4.2.5) lib/rails/rack/logger.rb:38:in `call_app'
  railties (4.2.5) lib/rails/rack/logger.rb:20:in `block in call'
  activesupport (4.2.5) lib/active_support/tagged_logging.rb:68:in `block in tagged'
  activesupport (4.2.5) lib/active_support/tagged_logging.rb:26:in `tagged'
  activesupport (4.2.5) lib/active_support/tagged_logging.rb:68:in `tagged'
  railties (4.2.5) lib/rails/rack/logger.rb:20:in `call'
  actionpack (4.2.5) lib/action_dispatch/middleware/request_id.rb:21:in `call'
  rack (1.6.4) lib/rack/methodoverride.rb:22:in `call'
  rack (1.6.4) lib/rack/runtime.rb:18:in `call'
  activesupport (4.2.5) lib/active_support/cache/strategy/local_cache_middleware.rb:28:in `call'
  rack (1.6.4) lib/rack/lock.rb:17:in `call'
  actionpack (4.2.5) lib/action_dispatch/middleware/static.rb:116:in `call'
  rack (1.6.4) lib/rack/sendfile.rb:113:in `call'
  railties (4.2.5) lib/rails/engine.rb:518:in `call'
  railties (4.2.5) lib/rails/application.rb:165:in `call'
  rack (1.6.4) lib/rack/lock.rb:17:in `call'
  rack (1.6.4) lib/rack/content_length.rb:15:in `call'
  rack (1.6.4) lib/rack/handler/webrick.rb:88:in `service'
  /home/romeosierra/.rbenv/versions/2.2.3/lib/ruby/2.2.0/webrick/httpserver.rb:138:in `service'
  /home/romeosierra/.rbenv/versions/2.2.3/lib/ruby/2.2.0/webrick/httpserver.rb:94:in `run'
  /home/romeosierra/.rbenv/versions/2.2.3/lib/ruby/2.2.0/webrick/server.rb:294:in `block in start_thread'


  Rendered /home/romeosierra/.rbenv/versions/2.2.3/lib/ruby/gems/2.2.0/gems/actionpack-4.2.5/lib/action_dispatch/middleware/templates/rescues/_trace.html.erb (6.6ms)
  Rendered /home/romeosierra/.rbenv/versions/2.2.3/lib/ruby/gems/2.2.0/gems/actionpack-4.2.5/lib/action_dispatch/middleware/templates/routes/_route.html.erb (2.0ms)
  Rendered /home/romeosierra/.rbenv/versions/2.2.3/lib/ruby/gems/2.2.0/gems/actionpack-4.2.5/lib/action_dispatch/middleware/templates/routes/_table.html.erb (4.1ms)
  Rendered /home/romeosierra/.rbenv/versions/2.2.3/lib/ruby/gems/2.2.0/gems/actionpack-4.2.5/lib/action_dispatch/middleware/templates/rescues/_request_and_response.html.erb (6.0ms)
  Rendered /home/romeosierra/.rbenv/versions/2.2.3/lib/ruby/gems/2.2.0/gems/actionpack-4.2.5/lib/action_dispatch/middleware/templates/rescues/routing_error.html.erb within rescues/layout (104.1ms)
  Rendered /home/romeosierra/.rbenv/versions/2.2.3/lib/ruby/gems/2.2.0/gems/web-console-2.2.1/lib/web_console/templates/_markup.html.erb (6.6ms)
  Rendered /home/romeosierra/.rbenv/versions/2.2.3/lib/ruby/gems/2.2.0/gems/web-console-2.2.1/lib/web_console/templates/_inner_console_markup.html.erb within layouts/inlined_string (0.4ms)
  Rendered /home/romeosierra/.rbenv/versions/2.2.3/lib/ruby/gems/2.2.0/gems/web-console-2.2.1/lib/web_console/templates/_prompt_box_markup.html.erb within layouts/inlined_string (5.2ms)
  Rendered /home/romeosierra/.rbenv/versions/2.2.3/lib/ruby/gems/2.2.0/gems/web-console-2.2.1/lib/web_console/templates/style.css.erb within layouts/inlined_string (10.6ms)
  Rendered /home/romeosierra/.rbenv/versions/2.2.3/lib/ruby/gems/2.2.0/gems/web-console-2.2.1/lib/web_console/templates/console.js.erb within layouts/javascript (82.4ms)
  Rendered /home/romeosierra/.rbenv/versions/2.2.3/lib/ruby/gems/2.2.0/gems/web-console-2.2.1/lib/web_console/templates/main.js.erb within layouts/javascript (0.2ms)
  Rendered /home/romeosierra/.rbenv/versions/2.2.3/lib/ruby/gems/2.2.0/gems/web-console-2.2.1/lib/web_console/templates/error_page.js.erb within layouts/javascript (5.2ms)
  Rendered /home/romeosierra/.rbenv/versions/2.2.3/lib/ruby/gems/2.2.0/gems/web-console-2.2.1/lib/web_console/templates/index.html.erb (155.1ms)


Started GET "/assets/dep133-cfc624dfe78bb48d812ca10ad91ae7ae4d3393a9ca856fbf245ee452659ed108.png" for 127.0.0.1 at 2016-04-12 23:27:44 -0400


Started GET "/index?utf8=%E2%9C%93&q_name=lock+and+load&q_collect=true&commit=Search" for 127.0.0.1 at 2016-04-12 23:30:52 -0400
Processing by CardController#index as HTML
  Parameters: {"utf8"=>"✓", "q_name"=>"lock and load", "q_collect"=>"true", "commit"=>"Search"}
  [1m[36m (0.8ms)[0m  [1mSELECT COUNT("cards"."id") FROM "cards" WHERE "cards"."independent" = ? AND (card_name like '%lock and load%')[0m  [["independent", "true"]]
  [1m[35mCard Load (2.8ms)[0m  SELECT  "cards".* FROM "cards" WHERE "cards"."independent" = ? AND (card_name like '%lock and load%')  ORDER BY "cards"."id" ASC LIMIT 1  [["independent", "true"]]
Redirected to http://localhost:3000/c/tgt012
Completed 302 Found in 16ms (ActiveRecord: 3.6ms)


Started GET "/c/tgt012" for 127.0.0.1 at 2016-04-12 23:30:52 -0400
Processing by CardController#show as HTML
  Parameters: {"set_sym"=>"tgt012"}
  [1m[36mCard Load (0.4ms)[0m  [1mSELECT  "cards".* FROM "cards" WHERE "cards"."set_sym" = ? LIMIT 1[0m  [["set_sym", "tgt012"]]
DEPRECATION WARNING: The file /home/romeosierra/hs.info/app/views/card/_navigation did not specify a template handler. The default is currently ERB, but will change to RAW in the future. (called from _app_views_card_show_html_erb__782027611__650103998 at /home/romeosierra/hs.info/app/views/card/show.html.erb:6)
  Rendered card/_card_name_search_box.html.erb (0.5ms)
  Rendered card/_navigation (6.3ms)
  Rendered card/show.html.erb within layouts/application (152.0ms)
Completed 200 OK in 389ms (Views: 375.7ms | ActiveRecord: 0.4ms)


Started GET "/assets/tgt012-acb50bdcb2c24bf3b8a65dd710301a43f8c801657a8da39de5eb396105086a6f.png" for 127.0.0.1 at 2016-04-12 23:30:53 -0400


Started GET "/main" for 127.0.0.1 at 2016-04-12 23:31:13 -0400
Processing by CardController#main as HTML
DEPRECATION WARNING: The file /home/romeosierra/hs.info/app/views/card/_navigation did not specify a template handler. The default is currently ERB, but will change to RAW in the future. (called from _app_views_card_main_html_erb___66795678__645110948 at /home/romeosierra/hs.info/app/views/card/main.html.erb:6)
  Rendered card/_card_name_search_box.html.erb (0.6ms)
  Rendered card/_navigation (7.6ms)
  Rendered card/main.html.erb within layouts/application (197.4ms)
Completed 200 OK in 452ms (Views: 442.4ms | ActiveRecord: 0.0ms)


Started GET "/adv" for 127.0.0.1 at 2016-04-12 23:31:16 -0400
Processing by CardController#advanced as HTML
DEPRECATION WARNING: The file /home/romeosierra/hs.info/app/views/card/_navigation did not specify a template handler. The default is currently ERB, but will change to RAW in the future. (called from _app_views_card_advanced_html_erb__930394075__637978218 at /home/romeosierra/hs.info/app/views/card/advanced.html.erb:6)
  Rendered card/_card_name_search_box.html.erb (0.5ms)
  Rendered card/_navigation (2.3ms)
  Rendered card/advanced.html.erb within layouts/application (126.7ms)
Completed 200 OK in 419ms (Views: 417.9ms | ActiveRecord: 0.0ms)


Started GET "/index" for 127.0.0.1 at 2016-04-13 17:52:58 -0400
  [1m[36mActiveRecord::SchemaMigration Load (0.3ms)[0m  [1mSELECT "schema_migrations".* FROM "schema_migrations"[0m
Processing by CardController#index as HTML
  [1m[35m (19.6ms)[0m  SELECT COUNT("cards"."id") FROM "cards" WHERE "cards"."independent" IS NULL
DEPRECATION WARNING: The file /home/romeosierra/hs.info/app/views/card/_navigation did not specify a template handler. The default is currently ERB, but will change to RAW in the future. (called from _app_views_card_index_html_erb___843785878__1053274868 at /home/romeosierra/hs.info/app/views/card/index.html.erb:6)
  Rendered card/_card_name_search_box.html.erb (1.0ms)
  Rendered card/_navigation (15.9ms)
  [1m[36m (0.5ms)[0m  [1mSELECT COUNT(*) FROM "cards" WHERE "cards"."independent" IS NULL[0m
  [1m[35mCACHE (0.0ms)[0m  SELECT COUNT(*) FROM "cards" WHERE "cards"."independent" IS NULL
  Rendered card/index.html.erb within layouts/application (1125.5ms)
Completed 200 OK in 8195ms (Views: 8098.1ms | ActiveRecord: 20.5ms)


Started GET "/assets/card.self-e3b0c44298fc1c149afbf4c8996fb92427ae41e4649b934ca495991b7852b855.css?body=1" for 127.0.0.1 at 2016-04-13 17:53:08 -0400


Started GET "/assets/application.self-c4991312985bccd133f1f21ab2f6a5d0129a8416a91037313b14f05d7d2e7dde.css?body=1" for 127.0.0.1 at 2016-04-13 17:53:08 -0400


Started GET "/assets/jquery_ujs.self-d602bdfe68ffc63b9f9cc512872aa3cfff046228a0a36e90dd476e8ef54c1b09.js?body=1" for 127.0.0.1 at 2016-04-13 17:53:08 -0400


Started GET "/assets/jquery.self-c64a74367bda6ef8b860f19e74df08927ca99d2be2ac934e9e92d5fd361e0da4.js?body=1" for 127.0.0.1 at 2016-04-13 17:53:08 -0400


Started GET "/assets/application.self-3b8dabdc891efe46b9a144b400ad69e37d7e5876bdc39dee783419a69d7ca819.js?body=1" for 127.0.0.1 at 2016-04-13 17:53:08 -0400


Started GET "/assets/card.self-877aef30ae1b040ab8a3aba4e3e309a11d7f2612f44dde450b5c157aa5f95c05.js?body=1" for 127.0.0.1 at 2016-04-13 17:53:08 -0400


Started GET "/assets/turbolinks.self-c37727e9bd6b2735da5c311aa83fead54ed0be6cc8bd9a65309e9c5abe2cbfff.js?body=1" for 127.0.0.1 at 2016-04-13 17:53:08 -0400


Started GET "/adv" for 127.0.0.1 at 2016-04-13 17:53:31 -0400
Processing by CardController#advanced as HTML
DEPRECATION WARNING: The file /home/romeosierra/hs.info/app/views/card/_navigation did not specify a template handler. The default is currently ERB, but will change to RAW in the future. (called from _app_views_card_advanced_html_erb__411194958__633955138 at /home/romeosierra/hs.info/app/views/card/advanced.html.erb:6)
  Rendered card/_card_name_search_box.html.erb (4.1ms)
  Rendered card/_navigation (8.4ms)
  Rendered card/advanced.html.erb within layouts/application (142.5ms)
Completed 200 OK in 462ms (Views: 459.2ms | ActiveRecord: 0.0ms)


Started GET "/main" for 127.0.0.1 at 2016-04-13 17:53:33 -0400
Processing by CardController#main as HTML
DEPRECATION WARNING: The file /home/romeosierra/hs.info/app/views/card/_navigation did not specify a template handler. The default is currently ERB, but will change to RAW in the future. (called from _app_views_card_main_html_erb___682267636__631941248 at /home/romeosierra/hs.info/app/views/card/main.html.erb:6)
  Rendered card/_card_name_search_box.html.erb (0.6ms)
  Rendered card/_navigation (1.8ms)
  Rendered card/main.html.erb within layouts/application (146.4ms)
Completed 200 OK in 552ms (Views: 551.3ms | ActiveRecord: 0.0ms)


Started GET "/index?utf8=%E2%9C%93&q_name=deathlord&q_collect=true&commit=Search" for 127.0.0.1 at 2016-04-13 17:53:38 -0400
Processing by CardController#index as HTML
  Parameters: {"utf8"=>"✓", "q_name"=>"deathlord", "q_collect"=>"true", "commit"=>"Search"}
  [1m[36m (0.8ms)[0m  [1mSELECT COUNT("cards"."id") FROM "cards" WHERE "cards"."independent" = ? AND (card_name like '%deathlord%')[0m  [["independent", "true"]]
  [1m[35mCard Load (0.4ms)[0m  SELECT  "cards".* FROM "cards" WHERE "cards"."independent" = ? AND (card_name like '%deathlord%')  ORDER BY "cards"."id" ASC LIMIT 1  [["independent", "true"]]
Redirected to http://localhost:3000/c/nax019
Completed 302 Found in 83ms (ActiveRecord: 1.7ms)


Started GET "/c/nax019" for 127.0.0.1 at 2016-04-13 17:53:38 -0400
Processing by CardController#show as HTML
  Parameters: {"set_sym"=>"nax019"}
  [1m[36mCard Load (0.4ms)[0m  [1mSELECT  "cards".* FROM "cards" WHERE "cards"."set_sym" = ? LIMIT 1[0m  [["set_sym", "nax019"]]
DEPRECATION WARNING: The file /home/romeosierra/hs.info/app/views/card/_navigation did not specify a template handler. The default is currently ERB, but will change to RAW in the future. (called from _app_views_card_show_html_erb___404245012__1050021008 at /home/romeosierra/hs.info/app/views/card/show.html.erb:6)
  Rendered card/_card_name_search_box.html.erb (0.4ms)
  Rendered card/_navigation (1.1ms)
  Rendered card/show.html.erb within layouts/application (187.1ms)
Completed 200 OK in 486ms (Views: 471.6ms | ActiveRecord: 0.4ms)


Started GET "/assets/nax019-7bd9f1ee2f8977596772773b7c1cad10962a5121fcc5c0397ab8c2e613715767.png" for 127.0.0.1 at 2016-04-13 17:53:39 -0400


Started GET "/c/nax019" for 127.0.0.1 at 2016-04-13 18:13:20 -0400
  [1m[36mActiveRecord::SchemaMigration Load (0.1ms)[0m  [1mSELECT "schema_migrations".* FROM "schema_migrations"[0m
Processing by CardController#show as HTML
  Parameters: {"set_sym"=>"nax019"}
  [1m[35mCard Load (23.0ms)[0m  SELECT  "cards".* FROM "cards" WHERE "cards"."set_sym" = ? LIMIT 1  [["set_sym", "nax019"]]
DEPRECATION WARNING: The file /home/romeosierra/hs.info/app/views/card/_navigation did not specify a template handler. The default is currently ERB, but will change to RAW in the future. (called from _app_views_card_show_html_erb___315892085__1040897498 at /home/romeosierra/hs.info/app/views/card/show.html.erb:6)
  Rendered card/_card_name_search_box.html.erb (7.9ms)
  Rendered card/_navigation (14.6ms)
  Rendered card/show.html.erb within layouts/application (11823.6ms)
Completed 200 OK in 12368ms (Views: 12239.8ms | ActiveRecord: 23.8ms)


Started GET "/assets/card.self-e3b0c44298fc1c149afbf4c8996fb92427ae41e4649b934ca495991b7852b855.css?body=1" for 127.0.0.1 at 2016-04-13 18:13:33 -0400


Started GET "/assets/application.self-c4991312985bccd133f1f21ab2f6a5d0129a8416a91037313b14f05d7d2e7dde.css?body=1" for 127.0.0.1 at 2016-04-13 18:13:33 -0400


Started GET "/assets/jquery.self-c64a74367bda6ef8b860f19e74df08927ca99d2be2ac934e9e92d5fd361e0da4.js?body=1" for 127.0.0.1 at 2016-04-13 18:13:34 -0400


Started GET "/assets/jquery_ujs.self-d602bdfe68ffc63b9f9cc512872aa3cfff046228a0a36e90dd476e8ef54c1b09.js?body=1" for 127.0.0.1 at 2016-04-13 18:13:34 -0400


Started GET "/assets/turbolinks.self-c37727e9bd6b2735da5c311aa83fead54ed0be6cc8bd9a65309e9c5abe2cbfff.js?body=1" for 127.0.0.1 at 2016-04-13 18:13:34 -0400


Started GET "/assets/application.self-3b8dabdc891efe46b9a144b400ad69e37d7e5876bdc39dee783419a69d7ca819.js?body=1" for 127.0.0.1 at 2016-04-13 18:13:34 -0400


Started GET "/assets/card.self-877aef30ae1b040ab8a3aba4e3e309a11d7f2612f44dde450b5c157aa5f95c05.js?body=1" for 127.0.0.1 at 2016-04-13 18:13:34 -0400


Started GET "/assets/nax019-7bd9f1ee2f8977596772773b7c1cad10962a5121fcc5c0397ab8c2e613715767.png" for 127.0.0.1 at 2016-04-13 18:13:34 -0400
